*** 2017-11-20 09:17:37.308 idempiere Log (CLogFile) ***
09:17:37.307 Setup.<init>: iDempiere(r) Release 2.1_2014-10-31 -Smart Suite ERP, CRM and SCM- (c) 1999-2013 iDempiere(r); Implementation: iDempiere - Supported by iDempiere community [1]
09:17:37.383 ConfigurationData.load: /home/dev/idempiereEnv.properties [1]
09:17:41.169 Config.test: OK: JavaHome=/usr/lib/jvm/java-7-openjdk-amd64 [30]
09:17:41.170 Config.test: OK: Version=1.7.0_95 [30]
09:17:41.170 ConfigurationData.testAdempiere: OK: AdempiereHome = /home/dev/HIS/idempiere [30]
09:17:41.172 KeyStoreMgt.<init>: /home/dev/HIS/idempiere/keystore/myKeystore [30]
09:17:41.177 ConfigurationData.testAdempiere: OK: KeyStore = /home/dev/HIS/idempiere/keystore/myKeystore [30]
09:17:41.179 Config.test: OK: AppsServer = dev-OptiPlex-990/127.0.1.1 [30]
09:17:41.188 Config.test: OK: Web Port = 8080 [30]
09:17:41.378 Config.test: OK: SSL Port = 8443 [30]
09:17:41.379 ConfigOracle.test: OK: Database Server = /10.0.0.213 [30]
09:17:41.383 ConfigOracle.test: OK: Database Port = 1521 [30]
09:17:41.611 ConfigOracle.test: OK: Connection = jdbc:oracle:thin:@//10.0.0.213:1521/his [30]
09:17:41.611 ConfigOracle.test: OK: Database System User his [30]
09:17:41.650 ConfigOracle.test: OK: Database User = cc1118test1 [30]
09:17:41.695-----------> ConfigOracle.testSQL: java.io.IOException: Cannot run program "sqlplus": error=2, No such file or directory [30]
09:17:41.696 ConfigOracle.test: OCI Test Skipped [30]
09:17:41.699-----------> ConfigurationData.testMail: Not valid:  - Illegal address [30]
09:17:45.640 Config.test: OK: JavaHome=/usr/lib/jvm/java-7-openjdk-amd64 [31]
09:17:45.640 Config.test: OK: Version=1.7.0_95 [31]
09:17:45.640 ConfigurationData.testAdempiere: OK: AdempiereHome = /home/dev/HIS/idempiere [31]
09:17:45.641 KeyStoreMgt.<init>: /home/dev/HIS/idempiere/keystore/myKeystore [31]
09:17:45.642 ConfigurationData.testAdempiere: OK: KeyStore = /home/dev/HIS/idempiere/keystore/myKeystore [31]
09:17:45.642 Config.test: OK: AppsServer = dev-OptiPlex-990/127.0.1.1 [31]
09:17:45.643 Config.test: OK: Web Port = 8080 [31]
09:17:45.646 Config.test: OK: SSL Port = 8443 [31]
09:17:45.647 ConfigOracle.test: OK: Database Server = /10.0.0.213 [31]
09:17:45.652 ConfigOracle.test: OK: Database Port = 1521 [31]
09:17:45.690 ConfigOracle.test: OK: Connection = jdbc:oracle:thin:@//10.0.0.213:1521/his [31]
09:17:45.690 ConfigOracle.test: OK: Database System User his [31]
09:17:45.726 ConfigOracle.test: OK: Database User = cc1118test1 [31]
09:17:45.728-----------> ConfigOracle.testSQL: java.io.IOException: Cannot run program "sqlplus": error=2, No such file or directory [31]
09:17:45.728 ConfigOracle.test: OCI Test Skipped [31]
09:17:45.728-----------> ConfigurationData.testMail: Not valid:  - Illegal address [31]
09:17:45.732 Ini.loadProperties: /home/dev/HIS/idempiere/idempiere.properties #28 [27]
09:17:45.733 ConfigurationData.save: /home/dev/HIS/idempiere/idempiereEnv.properties [27]

*** 2017-11-20 09:17:48.75 idempiere Log (CLogFile) ***
