*** 2017-11-20 14:32:53.861 idempiere Log (CLogFile) ***
14:32:53.860 Setup.<init>: iDempiere(r) Release 2.1_2014-10-31 -Smart Suite ERP, CRM and SCM- (c) 1999-2013 iDempiere(r); Implementation: iDempiere - Supported by iDempiere community [1]
14:32:53.978 ConfigurationData.load: /home/dev/idempiereEnv.properties [1]
14:33:02.454 Config.test: OK: JavaHome=/usr/lib/jvm/java-7-openjdk-amd64 [29]
14:33:02.454 Config.test: OK: Version=1.7.0_95 [29]
14:33:02.455 ConfigurationData.testAdempiere: OK: AdempiereHome = /home/dev/HIS/idempiere [29]
14:33:02.457 KeyStoreMgt.<init>: /home/dev/HIS/idempiere/keystore/myKeystore [29]
14:33:02.500 ConfigurationData.testAdempiere: OK: KeyStore = /home/dev/HIS/idempiere/keystore/myKeystore [29]
14:33:02.501 Config.test: OK: AppsServer = dev-OptiPlex-990/127.0.1.1 [29]
14:33:02.512 Config.test: OK: Web Port = 8080 [29]
14:33:02.818 Config.test: OK: SSL Port = 8443 [29]
14:33:02.819 ConfigOracle.test: OK: Database Server = /10.0.0.213 [29]
14:33:02.862 ConfigOracle.test: OK: Database Port = 1521 [29]
14:33:03.245 ConfigOracle.test: OK: Connection = jdbc:oracle:thin:@//10.0.0.213:1521/his [29]
14:33:03.245 ConfigOracle.test: OK: Database System User his [29]
14:33:03.297 ConfigOracle.test: OK: Database User = cc1118test1 [29]
14:33:03.376-----------> ConfigOracle.testSQL: java.io.IOException: Cannot run program "sqlplus": error=2, No such file or directory [29]
14:33:03.377 ConfigOracle.test: OCI Test Skipped [29]
14:33:03.400-----------> ConfigurationData.testMail: Not valid:  - Illegal address [29]
14:33:08.820 Config.test: OK: JavaHome=/usr/lib/jvm/java-7-openjdk-amd64 [31]
14:33:08.821 Config.test: OK: Version=1.7.0_95 [31]
14:33:08.821 ConfigurationData.testAdempiere: OK: AdempiereHome = /home/dev/HIS/idempiere [31]
14:33:08.822 KeyStoreMgt.<init>: /home/dev/HIS/idempiere/keystore/myKeystore [31]
14:33:08.824 ConfigurationData.testAdempiere: OK: KeyStore = /home/dev/HIS/idempiere/keystore/myKeystore [31]
14:33:08.824 Config.test: OK: AppsServer = dev-OptiPlex-990/127.0.1.1 [31]
14:33:08.826 Config.test: OK: Web Port = 8080 [31]
14:33:08.830 Config.test: OK: SSL Port = 8443 [31]
14:33:08.830 ConfigOracle.test: OK: Database Server = /10.0.0.213 [31]
14:33:08.834 ConfigOracle.test: OK: Database Port = 1521 [31]
14:33:08.888 ConfigOracle.test: OK: Connection = jdbc:oracle:thin:@//10.0.0.213:1521/his [31]
14:33:08.888 ConfigOracle.test: OK: Database System User his [31]
14:33:08.941 ConfigOracle.test: OK: Database User = cc1118test1 [31]
14:33:08.944-----------> ConfigOracle.testSQL: java.io.IOException: Cannot run program "sqlplus": error=2, No such file or directory [31]
14:33:08.944 ConfigOracle.test: OCI Test Skipped [31]
14:33:08.945-----------> ConfigurationData.testMail: Not valid:  - Illegal address [31]
14:33:08.980 Ini.loadProperties: /home/dev/HIS/idempiere/idempiere.properties #28 [26]
14:33:08.983 ConfigurationData.save: /home/dev/HIS/idempiere/idempiereEnv.properties [26]

*** 2017-11-20 14:33:11.439 idempiere Log (CLogFile) ***
